[ 2017-03-28T23:37:59+08:00 ] ::1 ::1 GET /tpAdmin-master/public/
[ log ] localhost/tpAdmin-master/public/ [运行时间：0.030823s][吞吐率：32.44req/s] [内存消耗：1,968.72kb] [文件加载：41]
[ info ] [ LANG ] /Applications/MAMP/htdocs/tpAdmin-master/thinkphp/lang/zh-cn.php
[ info ] [ ROUTE ] array (
  'type' => 'module',
  'module' => 
  array (
    0 => '',
    1 => NULL,
    2 => NULL,
  ),
)
[ info ] [ HEADER ] array (
  'host' => 'localhost',
  'connection' => 'keep-alive',
  'upgrade-insecure-requests' => '1',
  'user-agent' => 'Mozilla/5.0 (Macintosh; Intel Mac OS X 10_11_5) AppleWebKit/537.36 (KHTML, like Gecko) Chrome/56.0.2924.87 Safari/537.36',
  'accept' => 'text/html,application/xhtml+xml,application/xml;q=0.9,image/webp,*/*;q=0.8',
  'accept-encoding' => 'gzip, deflate, sdch, br',
  'accept-language' => 'zh-CN,zh;q=0.8,en;q=0.6',
  'cookie' => 'SQLiteManager_currentLangue=2',
)
[ info ] [ PARAM ] array (
)
[ info ] [ RUN ] app\index\controller\Index->index[ /Applications/MAMP/htdocs/tpAdmin-master/application/index/controller/Index.php ]
[ info ] [ LOG ] INIT File

---------------------------------------------------------------
[ 2017-03-28T23:37:59+08:00 ] ::1 ::1 GET /tpAdmin-master/public/admin.html
[ log ] localhost/tpAdmin-master/public/admin.html [运行时间：0.068545s][吞吐率：14.59req/s] [内存消耗：6,440.41kb] [文件加载：73]
[ info ] [ LANG ] /Applications/MAMP/htdocs/tpAdmin-master/thinkphp/lang/zh-cn.php
[ info ] [ ROUTE ] array (
  'type' => 'module',
  'module' => 
  array (
    0 => 'admin',
    1 => NULL,
    2 => NULL,
  ),
)
[ info ] [ HEADER ] array (
  'host' => 'localhost',
  'connection' => 'keep-alive',
  'upgrade-insecure-requests' => '1',
  'user-agent' => 'Mozilla/5.0 (Macintosh; Intel Mac OS X 10_11_5) AppleWebKit/537.36 (KHTML, like Gecko) Chrome/56.0.2924.87 Safari/537.36',
  'accept' => 'text/html,application/xhtml+xml,application/xml;q=0.9,image/webp,*/*;q=0.8',
  'accept-encoding' => 'gzip, deflate, sdch, br',
  'accept-language' => 'zh-CN,zh;q=0.8,en;q=0.6',
  'cookie' => 'SQLiteManager_currentLangue=2',
)
[ info ] [ PARAM ] array (
)
[ info ] [ SESSION ] INIT array (
  'id' => '',
  'var_session_id' => '',
  'prefix' => 'think',
  'type' => '',
  'auto_start' => true,
)
[ info ] [ BEHAVIOR ] Run \app\common\behavior\WebLog @module_init [ RunTime:0.012460s ]
[ info ] [ DB ] INIT mysql
[ info ] [ LOG ] INIT File
[ error ] [1045]SQLSTATE[HY000] [1045] Access denied for user 'root'@'localhost' (using password: YES)[/Applications/MAMP/htdocs/tpAdmin-master/thinkphp/library/think/db/Connection.php:300]

---------------------------------------------------------------
[ 2017-03-28T23:39:22+08:00 ] ::1 ::1 GET /tpAdmin-master/public/admin.html
[ log ] localhost/tpAdmin-master/public/admin.html [运行时间：0.061437s][吞吐率：16.28req/s] [内存消耗：6,440.83kb] [文件加载：73]
[ info ] [ LANG ] /Applications/MAMP/htdocs/tpAdmin-master/thinkphp/lang/zh-cn.php
[ info ] [ ROUTE ] array (
  'type' => 'module',
  'module' => 
  array (
    0 => 'admin',
    1 => NULL,
    2 => NULL,
  ),
)
[ info ] [ HEADER ] array (
  'host' => 'localhost',
  'connection' => 'keep-alive',
  'cache-control' => 'max-age=0',
  'upgrade-insecure-requests' => '1',
  'user-agent' => 'Mozilla/5.0 (Macintosh; Intel Mac OS X 10_11_5) AppleWebKit/537.36 (KHTML, like Gecko) Chrome/56.0.2924.87 Safari/537.36',
  'accept' => 'text/html,application/xhtml+xml,application/xml;q=0.9,image/webp,*/*;q=0.8',
  'accept-encoding' => 'gzip, deflate, sdch, br',
  'accept-language' => 'zh-CN,zh;q=0.8,en;q=0.6',
  'cookie' => 'thinkphp_show_page_trace=0|0; SQLiteManager_currentLangue=2; PHPSESSID=63a35d163885db8bc4a3a7bad7bd051e',
)
[ info ] [ PARAM ] array (
)
[ info ] [ SESSION ] INIT array (
  'id' => '',
  'var_session_id' => '',
  'prefix' => 'think',
  'type' => '',
  'auto_start' => true,
)
[ info ] [ BEHAVIOR ] Run \app\common\behavior\WebLog @module_init [ RunTime:0.004874s ]
[ info ] [ DB ] INIT mysql
[ info ] [ LOG ] INIT File
[ error ] [1045]SQLSTATE[HY000] [1045] Access denied for user 'root'@'localhost' (using password: YES)[/Applications/MAMP/htdocs/tpAdmin-master/thinkphp/library/think/db/Connection.php:300]

---------------------------------------------------------------
[ 2017-03-28T23:39:26+08:00 ] ::1 ::1 GET /tpAdmin-master/public/
[ log ] localhost/tpAdmin-master/public/ [运行时间：0.026694s][吞吐率：37.46req/s] [内存消耗：2,009.28kb] [文件加载：43]
[ info ] [ LANG ] /Applications/MAMP/htdocs/tpAdmin-master/thinkphp/lang/zh-cn.php
[ info ] [ ROUTE ] array (
  'type' => 'module',
  'module' => 
  array (
    0 => '',
    1 => NULL,
    2 => NULL,
  ),
)
[ info ] [ HEADER ] array (
  'host' => 'localhost',
  'connection' => 'keep-alive',
  'upgrade-insecure-requests' => '1',
  'user-agent' => 'Mozilla/5.0 (Macintosh; Intel Mac OS X 10_11_5) AppleWebKit/537.36 (KHTML, like Gecko) Chrome/56.0.2924.87 Safari/537.36',
  'accept' => 'text/html,application/xhtml+xml,application/xml;q=0.9,image/webp,*/*;q=0.8',
  'accept-encoding' => 'gzip, deflate, sdch, br',
  'accept-language' => 'zh-CN,zh;q=0.8,en;q=0.6',
  'cookie' => 'thinkphp_show_page_trace=0|0; SQLiteManager_currentLangue=2; PHPSESSID=63a35d163885db8bc4a3a7bad7bd051e',
)
[ info ] [ PARAM ] array (
)
[ info ] [ RUN ] app\index\controller\Index->index[ /Applications/MAMP/htdocs/tpAdmin-master/application/index/controller/Index.php ]
[ info ] [ LOG ] INIT File

---------------------------------------------------------------
